make all -f /scratch/cen/numgeo/teffy/thesis_intel/flash3d/compile/linux_g64/ --print-data-base --no-builtin-variables --no-builtin-rules --question
make: *** /scratch/cen/numgeo/teffy/thesis_intel/flash3d/compile/linux_g64/: Is a directory.  Stop.
 
# GNU Make 4.0
# Built for x86_64-pc-linux-gnu
# Copyright (C) 1988-2013 Free Software Foundation, Inc.
# License GPLv3+: GNU GPL version 3 or later <http://gnu.org/licenses/gpl.html>
# This is free software: you are free to change and redistribute it.
# There is NO WARRANTY, to the extent permitted by law.

# Make data base, printed on Sun Feb 27 14:44:15 2022

# Variables

# automatic
<D = $(patsubst %/,%,$(dir $<))
# automatic
?F = $(notdir $?)
# default
.SHELLFLAGS := -c
# environment
VSCODE_AGENT_FOLDER = /home/zmaw/u301161/.vscode-server
# environment
VSCODE_LOG_NATIVE = false
# environment
MODULEPATH = /client/Modules
# automatic
?D = $(patsubst %/,%,$(dir $?))
# automatic
@D = $(patsubst %/,%,$(dir $@))
# automatic
@F = $(notdir $@)
# default
MAKE_VERSION := 4.0
# makefile
CURDIR := /scratch/cen/numgeo/teffy/thesis_intel
# makefile
SHELL = /bin/sh
# environment
VSCODE_NLS_CONFIG = {"locale":"en","availableLanguages":{}}
# environment
_ = /home/zmaw/u301161/.vscode-server/bin/f80445acd5a3dadef24aa209168452a3d97cc326/node
# makefile (from '/scratch/cen/numgeo/teffy/thesis_intel/flash3d/compile/linux_g64/', line 1)
MAKEFILE_LIST :=  /scratch/cen/numgeo/teffy/thesis_intel/flash3d/compile/linux_g64/
# environment
GNUMAKEFLAGS := 
# environment
LOADEDMODULES_modshare = netcdf/c-4.7.3-fortran-4.5.2-cxx4-4.3.1-cxx-4.2:2:intel/19.0.4:2:vscode/1.56.2:2:default:3:jdk/1.8.0_92:2
# environment
VSCODE_VERBOSE_LOGGING = true
# environment
VSCODE_CWD = /home/zmaw/u301161
# environment
_LMFILES__modshare = /client/Modules/jdk/1.8.0_92:4:/client/Modules/netcdf/c-4.7.3-fortran-4.5.2-cxx4-4.3.1-cxx-4.2:2:/client/Modules/vscode/1.56.2:2:/client/Modules/default:3
# environment
NSS_SDB_USE_CACHE = yes
# environment
SSH_CONNECTION = 134.100.240.1 37166 134.100.240.55 22
# environment
PATH = /home/zmaw/u301161/.vscode-server/bin/f80445acd5a3dadef24aa209168452a3d97cc326/bin/remote-cli:/sw/jessie-x64/io_aec/netcdf-c-4.7.3-fortran-4.5.2-cxx4-4.3.1-cxx-4.2-gccsys/bin:/sw/jessie-x64/intel/intel-19.0.4/bin:/sw/jessie-x64/devtools/jdk-1.8.0_92/bin:/sw/jessie-x64/vscode-1.56.2/share/code/bin:/usr/local/bin:/usr/bin:/bin:/usr/local/games:/usr/games:/client/bin
# environment
LM_LICENSE_FILE = 1704@matlab.rrz.uni-hamburg.de:1700@lizenzsrv8.rrz.uni-hamburg.de:1955@license.cen.uni-hamburg.de
# environment
COMPEXT = intel19
# environment
XDG_RUNTIME_DIR = /run/user/100205
# environment
LIBRARY_PATH = /sw/jessie-x64/intel/intel-19.0.4/mkl/lib/intel64
# environment
CPATH = /sw/jessie-x64/intel/intel-19.0.4/mkl/include
# environment
FPATH = /sw/jessie-x64/intel/intel-19.0.4/mkl/include
# environment
VSCODE_LOG_STACK = false
# default
.FEATURES := target-specific order-only second-expansion else-if shortest-stem undefine oneshell archives jobserver output-sync check-symlink load
# environment
SSH_AUTH_SOCK = /run/user/100205/vscode-ssh-auth-sock-361192005
# automatic
%F = $(notdir $%)
# environment
VSCODE_PIPE_LOGGING = true
# environment
PWD = /scratch/cen/numgeo/teffy/thesis_intel
# environment
VSCODE_IPC_HOOK_CLI = /run/user/100205/vscode-ipc-cddbe688-a6e2-45fe-9323-b110a9b3586c.sock
# automatic
*D = $(patsubst %/,%,$(dir $*))
# environment
MANPATH = /sw/jessie-x64/intel/intel-19.0.4/man/common:/sw/jessie-x64/devtools/jdk-1.8.0_92/man:/usr/man:/usr/share/man:/client/man
# environment
VSCODE_AMD_ENTRYPOINT = vs/workbench/services/extensions/node/extensionHostProcess
# environment
HOME = /home/zmaw/u301161
# environment
LD_LIBRARY_PATH = /scratch/cen/numgeo/teffy/thesis_intel/amatos3d/lib/linux_g64:/sw/jessie-x64/netcdf_fortran-4.5.1-gccsys/lib:/sw/jessie-x64/intel/intel-19.0.4/mkl/lib/intel64:$LD_LIBRARY_PATH
# environment
MODULEPATH_modshare = /client/Modules:3
# environment
MODULESHOME = /sw/share/Modules
# environment
LOGNAME = u301161
# environment
INCLUDE = /sw/jessie-x64/intel/intel-19.0.4/mkl/include
# automatic
+F = $(notdir $+)
# environment
VSCODE_HANDLES_UNCAUGHT_ERRORS = true
# automatic
^D = $(patsubst %/,%,$(dir $^))
# environment
MAKELEVEL := 0
# default
MAKE = $(MAKE_COMMAND)
# default
MAKECMDGOALS := all
# environment
SHLVL = 3
# environment
JAVA_HOME = /sw/jessie-x64/devtools/jdk-1.8.0_92
# environment
XDG_SESSION_ID = 303423
# environment
USER = u301161
# makefile
.DEFAULT_GOAL := 
# environment
ICCCFG = /sw/jessie-x64/intel/intel-19.0.4/bin/rpath.cfg
# automatic
%D = $(patsubst %/,%,$(dir $%))
# default
MAKE_COMMAND := make
# environment
PROFILEREAD =  /client/etc/profile.zmaw /client/etc/profile.zmaw /client/etc/profile.zmaw
# environment
PATH_modshare = /sw/jessie-x64/vscode-1.56.2/share/code/bin:1:/bin:1:/sw/jessie-x64/devtools/jdk-1.8.0_92/bin:1:/usr/bin:1:/usr/games:1:/client/bin:1:/sw/jessie-x64/io_aec/netcdf-c-4.7.3-fortran-4.5.2-cxx4-4.3.1-cxx-4.2-gccsys/bin:1:/sw/jessie-x64/intel/intel-19.0.4/bin:1:/usr/local/bin:1:/usr/local/games:1
# default
.VARIABLES := 
# automatic
*F = $(notdir $*)
# environment
define BASH_FUNC_module%%
() {  eval `$TCLSH /sw/share/Modules/modulecmd.tcl bash $*`
}
endef
# makefile
MAKEFLAGS = pqrR
# environment
MFLAGS = -pqrR
# environment
SSH_CLIENT = 134.100.240.1 37166 22
# environment
MAIL = /var/mail/u301161
# environment
LOADEDMODULES = default:vscode/1.56.2:jdk/1.8.0_92:intel/19.0.4:netcdf/c-4.7.3-fortran-4.5.2-cxx4-4.3.1-cxx-4.2
# environment
LIBRARY_PATH_modshare = /sw/jessie-x64/intel/intel-19.0.4/mkl/lib/intel64:2
# automatic
+D = $(patsubst %/,%,$(dir $+))
# environment
APPLICATION_INSIGHTS_NO_DIAGNOSTIC_CHANNEL = true
# environment
CPATH_modshare = /sw/jessie-x64/intel/intel-19.0.4/mkl/include:2
# environment
FPATH_modshare = /sw/jessie-x64/intel/intel-19.0.4/mkl/include:2
# environment
BROWSER = /home/zmaw/u301161/.vscode-server/bin/f80445acd5a3dadef24aa209168452a3d97cc326/bin/helpers/browser.sh
# environment
ICPCCFG = /sw/jessie-x64/intel/intel-19.0.4/bin/rpath.cfg
# default
MAKEFILES := 
# environment
IFORTCFG = /sw/jessie-x64/intel/intel-19.0.4/bin/rpath.cfg
# automatic
<F = $(notdir $<)
# environment
_LMFILES_ = /client/Modules/default:/client/Modules/vscode/1.56.2:/client/Modules/jdk/1.8.0_92:/client/Modules/netcdf/c-4.7.3-fortran-4.5.2-cxx4-4.3.1-cxx-4.2
# environment
PATH_EXT = /home/zmaw/u301161/bin
# environment
LC_ALL = C
# automatic
^F = $(notdir $^)
# default
SUFFIXES := 
# environment
MANPATH_modshare = /sw/jessie-x64/devtools/jdk-1.8.0_92/man:2:/usr/man:1:/client/man:1:/sw/jessie-x64/intel/intel-19.0.4/man/common:2:/usr/share/man:1
# environment
LD_LIBRARY_PATH_modshare = /sw/jessie-x64/intel/intel-19.0.4/lib/intel64:/scratch/cen/numgeo/teffy/thesis_intel/amatos3d/lib/linux_g64:/sw/jessie-x64/netcdf_fortran-4.5.1-gccsys/lib:/sw/jessie-x64/intel/intel-19.0.4/mkl/lib/intel64:/scratch/cen/numgeo/teffy/thesis_intel/amatos3d/lib/linux_g64:/sw/jessie-x64/netcdf_fortran-4.5.1-gccsys/lib:/sw/jessie-x64/intel/intel-19.0.4/mkl/lib/intel64:$LD_LIBRARY_PATH:999999999:/sw/jessie-x64/intel/intel-19.0.4/mkl/lib/intel64:2:/scratch/cen/numgeo/teffy/thesis_intel/amatos3d/lib/linux_g64:999999999:/sw/jessie-x64/intel/intel-19.0.4/lib/intel64:1:/sw/jessie-x64/netcdf_fortran-4.5.1-gccsys/lib:999999999
# default
.INCLUDE_DIRS = /usr/include /usr/local/include /usr/include
# default
.RECIPEPREFIX := 
# environment
INCLUDE_modshare = /sw/jessie-x64/intel/intel-19.0.4/mkl/include:2
# default
MAKE_HOST := x86_64-pc-linux-gnu
# environment
LANG = C
# environment
VSCODE_EXTHOST_WILL_SEND_SOCKET = true
# variable set hash-table stats:
# Load=92/1024=9%, Rehash=0, Collisions=8/105=8%

# Pattern-specific Variable Values

# No pattern-specific variable values.

# Directories


# No files, no impossibilities in 0 directories.

# Implicit Rules

# No implicit rules.

# Files

# Not a target:
all:
#  Command line target.
#  Implicit rule search has not been done.
#  Modification time never checked.
#  File has not been updated.

# Not a target:
.DEFAULT:
#  Implicit rule search has not been done.
#  Modification time never checked.
#  File has not been updated.

# Not a target:
/scratch/cen/numgeo/teffy/thesis_intel/flash3d/compile/linux_g64/:
#  Implicit rule search has not been done.
#  Modification time never checked.
#  File has not been updated.

# files hash-table stats:
# Load=4/1024=0%, Rehash=0, Collisions=0/5=0%
# VPATH Search Paths

# No 'vpath' search paths.

# No general ('VPATH' variable) search path.

# strcache buffers: 1 (0) / strings = 6 / storage = 121 B / avg = 20 B
# current buf: size = 8162 B / used = 121 B / count = 6 / avg = 20 B

# strcache performance: lookups = 9 / hit rate = 33%
# hash-table stats:
# Load=6/8192=0%, Rehash=0, Collisions=0/9=0%
# Finished Make data base on Sun Feb 27 14:44:15 2022

 
